2024-05-28T09:54:12.848 [INFO] default - Server started listening at port  5000  ...

2024-05-28T09:54:12.991 [INFO] default - Mongodb Connected Successfully!!

2024-05-28T09:54:16.905 [INFO] default - ====================================================

2024-05-28T09:54:16.905 [INFO] default - Resource Access Request

2024-05-28T09:54:16.911 [INFO] default - User:  {
  _id: new ObjectId('6655a62fe8e09ffed6af21ac'),
  firstName: 'user1',
  lastName: 'user1lastname',
  email: 'user1@gmail.com',
  password: '$2a$10$7fXNhk.cxP1gPhk1GY46aO.e8Ya5.uRuB2rvO8pY9LNxJEsgGyKNi',
  role: 'USER',
  createdAt: 2024-05-28T09:38:55.664Z,
  updatedAt: 2024-05-28T09:38:55.664Z,
  __v: 0
}

2024-05-28T09:54:16.913 [INFO] default - URL:  /users/all

2024-05-28T09:54:16.913 [INFO] default - Original URL:  /api/users/all

2024-05-28T09:54:16.914 [INFO] default - ====================================================

2024-05-28T09:54:27.884 [INFO] default - ====================================================

2024-05-28T09:54:27.884 [INFO] default - Resource Access Request

2024-05-28T09:54:27.890 [INFO] default - User:  {
  _id: new ObjectId('6655a62fe8e09ffed6af21ac'),
  firstName: 'user1',
  lastName: 'user1lastname',
  email: 'user1@gmail.com',
  password: '$2a$10$7fXNhk.cxP1gPhk1GY46aO.e8Ya5.uRuB2rvO8pY9LNxJEsgGyKNi',
  role: 'USER',
  createdAt: 2024-05-28T09:38:55.664Z,
  updatedAt: 2024-05-28T09:38:55.664Z,
  __v: 0
}

2024-05-28T09:54:27.892 [INFO] default - URL:  /user/6655a62fe8e09ffed6af21ac

2024-05-28T09:54:27.892 [INFO] default - Original URL:  /api/user/6655a62fe8e09ffed6af21ac

2024-05-28T09:54:27.892 [INFO] default - ====================================================

2024-05-28T10:19:41.782 [DEBUG] default - USER:  {
  firstName: 'user1',
  lastName: 'lastname',
  email: 'user1@gmail.com',
  password: 'Test!321'
}

2024-05-28T13:31:02.451 [DEBUG] default - USER:  {
  firstName: 'user1',
  lastName: 'lastname',
  email: 'user1@gmail.com',
  password: 'Test!321'
}

2024-05-28T13:32:41.615 [DEBUG] default - USER:  {
  firstName: 'user1',
  lastName: 'lastname',
  email: 'user1@gmail.com',
  password: 'Test!321'
}

2024-05-28T13:33:18.575 [DEBUG] default - USER:  {
  firstName: 'user1',
  lastName: 'lastname',
  email: 'user1@gmail.com',
  password: 'Test!321'
}

2024-05-28T13:34:00.287 [DEBUG] default - USER:  {
  firstName: 'user1',
  lastName: 'lastname',
  email: 'user1@gmail.com',
  password: 'Test!321'
}

2024-05-28T13:34:00.290 [DEBUG] default - {
  _id: undefined,
  firstName: 'user1',
  email: 'user1@gmail.com',
  token: undefined
}

2024-05-28T13:34:25.372 [DEBUG] default - USER:  {
  firstName: 'user1',
  lastName: 'lastname',
  email: 'user1@gmail.com',
  password: 'Test!321'
}

2024-05-28T13:34:25.375 [DEBUG] default - {
  _id: '2398752983fh823hrf892hec23hrd',
  firstName: 'user1',
  email: 'user1@gmail.com',
  token: undefined
}

2024-05-28T13:34:59.052 [DEBUG] default - USER:  {
  firstName: 'user1',
  lastName: 'lastname',
  email: 'user1@gmail.com',
  password: 'Test!321'
}

2024-05-28T13:34:59.060 [DEBUG] default - {
  _id: '2398752983fh823hrf892hec23hrd',
  firstName: 'user1',
  email: 'user1@gmail.com',
  token: Promise {
    '293jv9023jhv892h3vo8234hwh4evu8h2qi93hc',
    [Symbol(async_id_symbol)]: 187,
    [Symbol(trigger_async_id_symbol)]: 185
  }
}

2024-05-28T13:35:39.772 [DEBUG] default - USER:  {
  firstName: 'user1',
  lastName: 'lastname',
  email: 'user1@gmail.com',
  password: 'Test!321'
}

2024-05-28T13:35:39.775 [DEBUG] default - {
  _id: '2398752983fh823hrf892hec23hrd',
  firstName: 'user1',
  email: 'user1@gmail.com',
  token: 'ivhe8923hv9238hv9i2q83hwvh289ehv23'
}

2024-05-28T13:36:13.276 [DEBUG] default - Promise {
  <pending>,
  [Symbol(async_id_symbol)]: 163,
  [Symbol(trigger_async_id_symbol)]: 135
}

2024-05-28T13:36:13.301 [DEBUG] default - USER:  {
  firstName: 'user1',
  lastName: 'lastname',
  email: 'user1@gmail.com',
  password: 'Test!321'
}

2024-05-28T13:36:25.333 [DEBUG] default - USER:  {
  firstName: 'user1',
  lastName: 'lastname',
  email: 'user1@gmail.com',
  password: 'Test!321'
}

2024-05-28T13:36:25.336 [DEBUG] default - {
  _id: '2398752983fh823hrf892hec23hrd',
  firstName: 'user1',
  email: 'user1@gmail.com',
  token: 'ivhe8923hv9238hv9i2q83hwvh289ehv23'
}

2024-05-28T13:40:33.557 [DEBUG] default - USER:  {
  firstName: 'user1',
  lastName: 'lastname',
  email: 'user1@gmail.com',
  password: 'Test!321'
}

2024-05-28T13:40:33.560 [DEBUG] default - {
  _id: '2398752983fh823hrf892hec23hrd',
  firstName: 'user1',
  email: 'user1@gmail.com',
  token: 'ivhe8923hv9238hv9i2q83hwvh289ehv23'
}

2024-05-28T13:46:05.058 [DEBUG] default - USER:  {
  firstName: 'user1',
  lastName: 'lastname',
  email: 'user1@gmail.com',
  password: 'Test!321'
}

2024-05-28T13:46:05.061 [DEBUG] default - {
  _id: '2398752983fh823hrf892hec23hrd',
  firstName: 'user1',
  email: 'user1@gmail.com',
  token: 'ivhe8923hv9238hv9i2q83hwvh289ehv23'
}

2024-05-29T14:11:58.682 [DEBUG] default - USER:  {
  firstName: 'user1',
  lastName: 'lastname',
  email: 'user1@gmail.com',
  password: 'Test!321'
}

2024-05-29T14:12:09.914 [DEBUG] default - USER:  {
  firstName: 'user1',
  lastName: 'lastname',
  email: 'user1@gmail.com',
  password: 'Test!321'
}

2024-05-29T14:22:49.975 [INFO] default - Server started listening at port  5000  ...

2024-05-29T14:22:50.309 [INFO] default - Mongodb Connected Successfully!!

2024-05-29T14:23:00.289 [DEBUG] default - Called

2024-05-29T14:23:17.304 [INFO] default - Server started listening at port  5000  ...

2024-05-29T14:23:17.378 [INFO] default - Mongodb Connected Successfully!!

2024-05-29T14:23:38.909 [INFO] default - Server started listening at port  5000  ...

2024-05-29T14:23:38.981 [INFO] default - Mongodb Connected Successfully!!

2024-05-29T14:24:21.806 [INFO] default - Server started listening at port  5000  ...

2024-05-29T14:24:21.938 [INFO] default - Mongodb Connected Successfully!!

2024-05-29T14:24:32.085 [INFO] default - Server started listening at port  5000  ...

2024-05-29T14:24:32.136 [INFO] default - Mongodb Connected Successfully!!

2024-05-29T14:24:41.194 [INFO] default - Server started listening at port  5000  ...

2024-05-29T14:24:41.256 [INFO] default - Mongodb Connected Successfully!!

2024-05-29T14:25:44.717 [INFO] default - Server started listening at port  5000  ...

2024-05-29T14:25:44.772 [INFO] default - Mongodb Connected Successfully!!

2024-05-29T14:25:47.660 [DEBUG] default - Called

2024-05-29T14:29:37.539 [INFO] default - Server started listening at port  5000  ...

2024-05-29T14:29:37.612 [INFO] default - Mongodb Connected Successfully!!

2024-05-29T14:29:41.518 [INFO] default - Server started listening at port  5000  ...

2024-05-29T14:29:41.601 [INFO] default - Mongodb Connected Successfully!!

2024-05-29T14:30:36.935 [INFO] default - Server started listening at port  5000  ...

2024-05-29T14:30:37.011 [INFO] default - Mongodb Connected Successfully!!

2024-05-29T14:30:47.674 [INFO] default - Server started listening at port  5000  ...

2024-05-29T14:30:47.735 [INFO] default - Mongodb Connected Successfully!!

2024-05-29T14:32:04.312 [INFO] default - Server started listening at port  5000  ...

2024-05-29T14:32:04.366 [INFO] default - Mongodb Connected Successfully!!

2024-05-29T14:32:21.712 [INFO] default - ====================================================

2024-05-29T14:32:21.712 [INFO] default - Resource Access Request

2024-05-29T14:32:21.716 [INFO] default - User:  {
  _id: new ObjectId('66573aeb77b24b0d7db0c7ca'),
  firstName: 'user1',
  lastName: 'user1lastname',
  email: 'user1@gmail.com',
  password: '$2a$10$xRE6IszcltIiOdLPSAEbLe2I8GZ4K1CBNi.pRzcEPi8KzJfmNcjfy',
  role: 'USER',
  createdAt: 2024-05-29T14:25:47.685Z,
  updatedAt: 2024-05-29T14:25:47.685Z,
  __v: 0
}

2024-05-29T14:32:21.718 [INFO] default - URL:  /users/all

2024-05-29T14:32:21.718 [INFO] default - Original URL:  /api/users/all

2024-05-29T14:32:21.718 [INFO] default - ====================================================

2024-05-29T14:32:31.734 [INFO] default - ====================================================

2024-05-29T14:32:31.734 [INFO] default - Resource Access Request

2024-05-29T14:32:31.738 [INFO] default - User:  {
  _id: new ObjectId('66573aeb77b24b0d7db0c7ca'),
  firstName: 'user1',
  lastName: 'user1lastname',
  email: 'user1@gmail.com',
  password: '$2a$10$xRE6IszcltIiOdLPSAEbLe2I8GZ4K1CBNi.pRzcEPi8KzJfmNcjfy',
  role: 'USER',
  createdAt: 2024-05-29T14:25:47.685Z,
  updatedAt: 2024-05-29T14:25:47.685Z,
  __v: 0
}

2024-05-29T14:32:31.739 [INFO] default - URL:  /users/all

2024-05-29T14:32:31.739 [INFO] default - Original URL:  /api/users/all

2024-05-29T14:32:31.739 [INFO] default - ====================================================

2024-05-29T14:32:44.515 [INFO] default - Server started listening at port  5000  ...

2024-05-29T14:32:44.575 [INFO] default - Mongodb Connected Successfully!!

2024-05-29T14:32:48.450 [INFO] default - Server started listening at port  5000  ...

2024-05-29T14:32:48.517 [INFO] default - Mongodb Connected Successfully!!

2024-05-29T14:32:50.151 [INFO] default - Server started listening at port  5000  ...

2024-05-29T14:32:50.212 [INFO] default - Mongodb Connected Successfully!!

2024-05-29T14:32:52.436 [INFO] default - Server started listening at port  5000  ...

2024-05-29T14:32:52.478 [INFO] default - Mongodb Connected Successfully!!

2024-05-29T14:33:00.188 [INFO] default - Server started listening at port  5000  ...

2024-05-29T14:33:00.258 [INFO] default - Mongodb Connected Successfully!!

2024-05-29T14:33:03.517 [INFO] default - Server started listening at port  5000  ...

2024-05-29T14:33:03.580 [INFO] default - Mongodb Connected Successfully!!

2024-05-29T14:33:04.837 [INFO] default - Server started listening at port  5000  ...

2024-05-29T14:33:04.906 [INFO] default - Mongodb Connected Successfully!!

2024-05-29T14:33:08.990 [INFO] default - Server started listening at port  5000  ...

2024-05-29T14:33:09.067 [INFO] default - Mongodb Connected Successfully!!

2024-05-29T14:33:10.339 [INFO] default - Server started listening at port  5000  ...

2024-05-29T14:33:10.393 [INFO] default - Mongodb Connected Successfully!!

2024-05-29T14:33:13.750 [INFO] default - Server started listening at port  5000  ...

2024-05-29T14:33:13.796 [INFO] default - Mongodb Connected Successfully!!

2024-05-29T14:33:19.644 [INFO] default - Server started listening at port  5000  ...

2024-05-29T14:33:19.713 [INFO] default - Mongodb Connected Successfully!!

2024-05-29T14:33:21.722 [INFO] default - Server started listening at port  5000  ...

2024-05-29T14:33:21.781 [INFO] default - Mongodb Connected Successfully!!

2024-05-29T14:33:24.020 [INFO] default - Server started listening at port  5000  ...

2024-05-29T14:33:24.098 [INFO] default - Mongodb Connected Successfully!!

2024-05-29T14:33:25.107 [INFO] default - Server started listening at port  5000  ...

2024-05-29T14:33:25.168 [INFO] default - Mongodb Connected Successfully!!

2024-05-29T14:33:46.282 [INFO] default - Server started listening at port  5000  ...

2024-05-29T14:33:46.339 [INFO] default - Mongodb Connected Successfully!!

2024-05-29T14:33:51.341 [INFO] default - Server started listening at port  5000  ...

2024-05-29T14:33:51.412 [INFO] default - Mongodb Connected Successfully!!

2024-05-29T14:33:54.198 [INFO] default - Server started listening at port  5000  ...

2024-05-29T14:33:54.259 [INFO] default - Mongodb Connected Successfully!!

2024-05-29T14:33:58.159 [INFO] default - Server started listening at port  5000  ...

2024-05-29T14:33:58.217 [INFO] default - Mongodb Connected Successfully!!

2024-05-29T14:34:04.804 [INFO] default - Server started listening at port  5000  ...

2024-05-29T14:34:04.853 [INFO] default - Mongodb Connected Successfully!!

2024-05-29T15:28:01.358 [INFO] default - Server started listening at port  5000  ...

2024-05-29T15:28:01.402 [INFO] default - Mongodb Connected Successfully!!

2024-05-29T15:28:36.226 [INFO] default - Server started listening at port  5000  ...

2024-05-29T15:28:36.290 [INFO] default - Mongodb Connected Successfully!!

2024-05-29T15:28:47.082 [INFO] default - Server started listening at port  5000  ...

2024-05-29T15:28:47.151 [INFO] default - Mongodb Connected Successfully!!

2024-05-29T15:28:54.983 [INFO] default - Server started listening at port  5000  ...

2024-05-29T15:28:55.043 [INFO] default - Mongodb Connected Successfully!!

2024-05-29T15:29:09.359 [INFO] default - Server started listening at port  5000  ...

2024-05-29T15:29:09.455 [INFO] default - Mongodb Connected Successfully!!

2024-05-29T15:29:20.760 [INFO] default - Server started listening at port  5000  ...

2024-05-29T15:29:20.840 [INFO] default - Mongodb Connected Successfully!!

2024-05-29T15:29:26.113 [INFO] default - Server started listening at port  5000  ...

2024-05-29T15:29:26.184 [INFO] default - Mongodb Connected Successfully!!

2024-05-29T15:29:32.249 [INFO] default - Server started listening at port  5000  ...

2024-05-29T15:29:32.301 [INFO] default - Mongodb Connected Successfully!!

2024-05-29T15:29:46.158 [INFO] default - Server started listening at port  5000  ...

2024-05-29T15:29:46.205 [INFO] default - Mongodb Connected Successfully!!

2024-05-29T15:29:47.495 [INFO] default - Server started listening at port  5000  ...

2024-05-29T15:29:47.553 [INFO] default - Mongodb Connected Successfully!!

2024-05-29T15:30:01.120 [INFO] default - Server started listening at port  5000  ...

2024-05-29T15:30:01.168 [INFO] default - Mongodb Connected Successfully!!

2024-05-29T15:30:10.809 [INFO] default - Server started listening at port  5000  ...

2024-05-29T15:30:10.880 [INFO] default - Mongodb Connected Successfully!!

