2024-05-27T14:13:46.157 [INFO] default - ====================================================

2024-05-27T14:13:46.157 [INFO] default - Resource Access Request

2024-05-27T14:13:46.161 [INFO] default - User:  {
  _id: new ObjectId('6654930b30a8bc3e339050c0'),
  email: 'user1@gmail.com',
  role: 'USER',
  createdAt: 2024-05-27T14:04:59.875Z,
  updatedAt: 2024-05-27T14:04:59.875Z,
  __v: 0
}

2024-05-27T14:13:46.162 [INFO] default - URL:  /users/all

2024-05-27T14:13:46.162 [INFO] default - Original URL:  /api/users/all

2024-05-27T14:13:46.163 [INFO] default - ====================================================

2024-05-27T14:14:08.891 [INFO] default - ====================================================

2024-05-27T14:14:08.892 [INFO] default - Resource Access Request

2024-05-27T14:14:08.898 [INFO] default - User:  {
  _id: new ObjectId('6654930b30a8bc3e339050c0'),
  email: 'user1@gmail.com',
  role: 'USER',
  createdAt: 2024-05-27T14:04:59.875Z,
  updatedAt: 2024-05-27T14:04:59.875Z,
  __v: 0
}

2024-05-27T14:14:08.900 [INFO] default - URL:  /users/all

2024-05-27T14:14:08.901 [INFO] default - Original URL:  /api/users/all

2024-05-27T14:14:08.901 [INFO] default - ====================================================

